2018-10-05 13:21:35,867 [INFO] [restartedMain] (StartupInfoLogger.java:50) - Starting PoppyApplication on GCDTP039 with PID 7160 (F:\Poppy\Poppy\target\classes started by balakrishnana in F:\Poppy\Poppy)
2018-10-05 13:21:35,872 [DEBUG] [restartedMain] (StartupInfoLogger.java:53) - Running with Spring Boot v2.0.5.RELEASE, Spring v5.0.9.RELEASE
2018-10-05 13:21:35,873 [INFO] [restartedMain] (SpringApplication.java:680) - No active profile set, falling back to default profiles: default
2018-10-05 13:21:36,150 [INFO] [restartedMain] (AbstractApplicationContext.java:590) - Refreshing org.springframework.boot.web.servlet.context.AnnotationConfigServletWebServerApplicationContext@2449b387: startup date [Fri Oct 05 13:21:36 IST 2018]; root of context hierarchy
2018-10-05 13:21:37,749 [INFO] [restartedMain] (PostProcessorRegistrationDelegate.java:326) - Bean 'org.springframework.transaction.annotation.ProxyTransactionManagementConfiguration' of type [org.springframework.transaction.annotation.ProxyTransactionManagementConfiguration$$EnhancerBySpringCGLIB$$ba9027f0] is not eligible for getting processed by all BeanPostProcessors (for example: not eligible for auto-proxying)
2018-10-05 13:21:38,055 [INFO] [restartedMain] (TomcatWebServer.java:91) - Tomcat initialized with port(s): 8080 (http)
2018-10-05 13:21:38,073 [INFO] [restartedMain] (DirectJDKLog.java:180) - Starting service [Tomcat]
2018-10-05 13:21:38,073 [INFO] [restartedMain] (DirectJDKLog.java:180) - Starting Servlet Engine: Apache Tomcat/8.5.34
2018-10-05 13:21:38,076 [INFO] [localhost-startStop-1] (DirectJDKLog.java:180) - The APR based Apache Tomcat Native library which allows optimal performance in production environments was not found on the java.library.path: [C:\Program Files\Java\jre1.8.0_161\bin;C:\Windows\Sun\Java\bin;C:\Windows\system32;C:\Windows;C:/Program Files/Java/jre1.8.0_161/bin/server;C:/Program Files/Java/jre1.8.0_161/bin;C:/Program Files/Java/jre1.8.0_161/lib/amd64;C:\ProgramData\Oracle\Java\javapath;C:\Windows\system32;C:\Windows;C:\Windows\System32\Wbem;C:\Windows\System32\WindowsPowerShell\v1.0\;C:\Program Files\TortoiseSVN\bin;C:\Program Files\Java\jdk1.8.0_161\bin;C:\Program Files\dotnet\;C:\Program Files (x86)\Microsoft SQL Server\Client SDK\ODBC\130\Tools\Binn\;C:\Program Files (x86)\Microsoft SQL Server\130\Tools\Binn\;C:\Program Files (x86)\Microsoft SQL Server\130\DTS\Binn\;C:\Program Files (x86)\Microsoft SQL Server\130\Tools\Binn\ManagementStudio\;C:\Program Files\nodejs\;C:\Program Files (x86)\Microsoft VS Code\bin;C:\Users\balakrishnana\AppData\Roaming\npm;F:\Software\eclipse;;.]
2018-10-05 13:21:38,339 [INFO] [localhost-startStop-1] (DirectJDKLog.java:180) - At least one JAR was scanned for TLDs yet contained no TLDs. Enable debug logging for this logger for a complete list of JARs that were scanned but no TLDs were found in them. Skipping unneeded JARs during scanning can improve startup time and JSP compilation time.
2018-10-05 13:21:38,344 [INFO] [localhost-startStop-1] (DirectJDKLog.java:180) - Initializing Spring embedded WebApplicationContext
2018-10-05 13:21:38,344 [INFO] [localhost-startStop-1] (ServletWebServerApplicationContext.java:285) - Root WebApplicationContext: initialization completed in 2194 ms
2018-10-05 13:21:38,403 [INFO] [localhost-startStop-1] (AbstractFilterRegistrationBean.java:245) - Mapping filter: 'characterEncodingFilter' to: [/*]
2018-10-05 13:21:38,403 [INFO] [localhost-startStop-1] (AbstractFilterRegistrationBean.java:245) - Mapping filter: 'hiddenHttpMethodFilter' to: [/*]
2018-10-05 13:21:38,403 [INFO] [localhost-startStop-1] (AbstractFilterRegistrationBean.java:245) - Mapping filter: 'httpPutFormContentFilter' to: [/*]
2018-10-05 13:21:38,403 [INFO] [localhost-startStop-1] (AbstractFilterRegistrationBean.java:245) - Mapping filter: 'requestContextFilter' to: [/*]
2018-10-05 13:21:38,404 [INFO] [localhost-startStop-1] (AbstractFilterRegistrationBean.java:258) - Mapping filter: 'loginFilter' to urls: [/PoppyLogin, /VaildateUser, /]
2018-10-05 13:21:38,404 [INFO] [localhost-startStop-1] (AbstractFilterRegistrationBean.java:258) - Mapping filter: 'sessionFilter' to urls: [/Logout, /UserManagement, /AddUserInfo, /EditUserInfo, /GetUsers, /DeleteUserInfo]
2018-10-05 13:21:38,404 [INFO] [localhost-startStop-1] (ServletRegistrationBean.java:187) - Servlet dispatcherServlet mapped to [/]
2018-10-05 13:21:38,460 [INFO] [restartedMain] (PoppyConfig.java:46) - ........................hibernate config Start ....................
2018-10-05 13:21:38,467 [INFO] [restartedMain] (DriverManagerDataSource.java:133) - Loaded JDBC driver: com.mysql.jdbc.Driver
2018-10-05 13:21:38,625 [INFO] [restartedMain] (Version.java:45) - HHH000412: Hibernate Core {5.2.17.Final}
2018-10-05 13:21:38,626 [INFO] [restartedMain] (Environment.java:213) - HHH000206: hibernate.properties not found
2018-10-05 13:21:38,673 [INFO] [restartedMain] (JavaReflectionManager.java:66) - HCANN000001: Hibernate Commons Annotations {5.0.1.Final}
2018-10-05 13:21:38,947 [INFO] [restartedMain] (Dialect.java:157) - HHH000400: Using dialect: org.hibernate.dialect.MySQL5Dialect
2018-10-05 13:21:42,161 [INFO] [restartedMain] (PoppyConfig.java:52) - ........................hibernate config Sucess ....................
2018-10-05 13:21:42,403 [INFO] [restartedMain] (RequestMappingHandlerAdapter.java:588) - Looking for @ControllerAdvice: org.springframework.boot.web.servlet.context.AnnotationConfigServletWebServerApplicationContext@2449b387: startup date [Fri Oct 05 13:21:36 IST 2018]; root of context hierarchy
2018-10-05 13:21:42,423 [WARN] [restartedMain] (JpaBaseConfiguration.java:237) - spring.jpa.open-in-view is enabled by default. Therefore, database queries may be performed during view rendering. Explicitly configure spring.jpa.open-in-view to disable this warning
2018-10-05 13:21:42,449 [INFO] [restartedMain] (AbstractHandlerMethodMapping.java:549) - Mapped "{[/DeleteUserInfo],methods=[POST]}" onto public boolean com.ipsos.poppy.admin.UserManagementController.deleteUserInfo(javax.servlet.http.HttpServletRequest)
2018-10-05 13:21:42,450 [INFO] [restartedMain] (AbstractHandlerMethodMapping.java:549) - Mapped "{[/EditUserInfo],methods=[POST]}" onto public boolean com.ipsos.poppy.admin.UserManagementController.editUserInfo(com.ipsos.poppy.entity.Login)
2018-10-05 13:21:42,451 [INFO] [restartedMain] (AbstractHandlerMethodMapping.java:549) - Mapped "{[/FilterSearch],methods=[POST],produces=[application/json]}" onto public java.lang.String com.ipsos.poppy.admin.UserManagementController.filterSearch(javax.servlet.http.HttpServletRequest)
2018-10-05 13:21:42,451 [INFO] [restartedMain] (AbstractHandlerMethodMapping.java:549) - Mapped "{[/AddUserInfo],methods=[GET]}" onto public org.springframework.web.servlet.ModelAndView com.ipsos.poppy.admin.UserManagementController.addUserForm()
2018-10-05 13:21:42,451 [INFO] [restartedMain] (AbstractHandlerMethodMapping.java:549) - Mapped "{[/GetUsers],methods=[POST],produces=[application/json]}" onto public java.lang.String com.ipsos.poppy.admin.UserManagementController.getAllUsers()
2018-10-05 13:21:42,452 [INFO] [restartedMain] (AbstractHandlerMethodMapping.java:549) - Mapped "{[/AddNewUser],methods=[POST],produces=[application/json]}" onto public boolean com.ipsos.poppy.admin.UserManagementController.addNewUsers(com.ipsos.poppy.entity.Login)
2018-10-05 13:21:42,452 [INFO] [restartedMain] (AbstractHandlerMethodMapping.java:549) - Mapped "{[/UserManagement],methods=[GET]}" onto public org.springframework.web.servlet.ModelAndView com.ipsos.poppy.admin.UserManagementController.userManagementView()
2018-10-05 13:21:42,453 [INFO] [restartedMain] (AbstractHandlerMethodMapping.java:549) - Mapped "{[/PoppyLogin || /],methods=[GET]}" onto public org.springframework.web.servlet.ModelAndView com.ipsos.poppy.login.LoginController.loginPage()
2018-10-05 13:21:42,454 [INFO] [restartedMain] (AbstractHandlerMethodMapping.java:549) - Mapped "{[/VaildateUser],methods=[POST]}" onto public boolean com.ipsos.poppy.login.LoginController.validateUser(com.ipsos.poppy.login.LoginInfo,javax.servlet.http.HttpSession)
2018-10-05 13:21:42,454 [INFO] [restartedMain] (AbstractHandlerMethodMapping.java:549) - Mapped "{[/Home],methods=[GET]}" onto public org.springframework.web.servlet.ModelAndView com.ipsos.poppy.login.LoginController.homePage()
2018-10-05 13:21:42,455 [INFO] [restartedMain] (AbstractHandlerMethodMapping.java:549) - Mapped "{[/Logout],methods=[GET]}" onto public void com.ipsos.poppy.login.LoginController.logout(javax.servlet.http.HttpServletResponse,javax.servlet.http.HttpSession)
2018-10-05 13:21:42,455 [INFO] [restartedMain] (AbstractHandlerMethodMapping.java:549) - Mapped "{[/ChangePassword],methods=[POST],produces=[application/json]}" onto public boolean com.ipsos.poppy.login.LoginController.changePassword(javax.servlet.http.HttpServletRequest,javax.servlet.http.HttpSession)
2018-10-05 13:21:42,458 [INFO] [restartedMain] (AbstractHandlerMethodMapping.java:549) - Mapped "{[/error]}" onto public org.springframework.http.ResponseEntity<java.util.Map<java.lang.String, java.lang.Object>> org.springframework.boot.autoconfigure.web.servlet.error.BasicErrorController.error(javax.servlet.http.HttpServletRequest)
2018-10-05 13:21:42,459 [INFO] [restartedMain] (AbstractHandlerMethodMapping.java:549) - Mapped "{[/error],produces=[text/html]}" onto public org.springframework.web.servlet.ModelAndView org.springframework.boot.autoconfigure.web.servlet.error.BasicErrorController.errorHtml(javax.servlet.http.HttpServletRequest,javax.servlet.http.HttpServletResponse)
2018-10-05 13:21:42,483 [INFO] [restartedMain] (AbstractUrlHandlerMapping.java:373) - Mapped URL path [/webjars/**] onto handler of type [class org.springframework.web.servlet.resource.ResourceHttpRequestHandler]
2018-10-05 13:21:42,483 [INFO] [restartedMain] (AbstractUrlHandlerMapping.java:373) - Mapped URL path [/**] onto handler of type [class org.springframework.web.servlet.resource.ResourceHttpRequestHandler]
2018-10-05 13:21:42,813 [INFO] [restartedMain] (OptionalLiveReloadServer.java:57) - LiveReload server is running on port 35729
2018-10-05 13:21:42,839 [INFO] [restartedMain] (MBeanExporter.java:433) - Registering beans for JMX exposure on startup
2018-10-05 13:21:42,881 [INFO] [restartedMain] (TomcatWebServer.java:206) - Tomcat started on port(s): 8080 (http) with context path ''
2018-10-05 13:21:42,885 [INFO] [restartedMain] (StartupInfoLogger.java:59) - Started PoppyApplication in 7.385 seconds (JVM running for 7.992)
2018-10-05 13:22:48,958 [INFO] [Thread-6] (AbstractApplicationContext.java:993) - Closing org.springframework.boot.web.servlet.context.AnnotationConfigServletWebServerApplicationContext@2449b387: startup date [Fri Oct 05 13:21:36 IST 2018]; root of context hierarchy
2018-10-05 13:22:48,966 [INFO] [Thread-6] (MBeanExporter.java:451) - Unregistering JMX-exposed beans on shutdown
